<?xml version="1.0" encoding="UTF-8"?>
<testsuite name="it.threarth.fotosistemis.core.data.ClassificationAdopterTest" tests="8" skipped="0" failures="0" errors="0" timestamp="2026-08-04T20:54:42.676Z" hostname="BECANA" time="0.084">
  <properties/>
  <testcase name="ignores folders with no year" classname="it.threarth.fotosistemis.core.data.ClassificationAdopterTest" time="0.047"/>
  <testcase name="reads the year folder whatever it is called" classname="it.threarth.fotosistemis.core.data.ClassificationAdopterTest" time="0.027"/>
  <testcase name="ignores structures deeper than category and year" classname="it.threarth.fotosistemis.core.data.ClassificationAdopterTest" time="0.0"/>
  <testcase name="uses the existing destination when there is one" classname="it.threarth.fotosistemis.core.data.ClassificationAdopterTest" time="0.0"/>
  <testcase name="discovers a category the app does not know yet" classname="it.threarth.fotosistemis.core.data.ClassificationAdopterTest" time="0.001"/>
  <testcase name="counts photos per category for the preview" classname="it.threarth.fotosistemis.core.data.ClassificationAdopterTest" time="0.004"/>
  <testcase name="a category named after a year is not a category" classname="it.threarth.fotosistemis.core.data.ClassificationAdopterTest" time="0.001"/>
  <testcase name="never overrides a decision already taken" classname="it.threarth.fotosistemis.core.data.ClassificationAdopterTest" time="0.0"/>
  <system-out><![CDATA[]]></system-out>
  <system-err><![CDATA[]]></system-err>
</testsuite>
